<?xml version="1.0" encoding="UTF-8" ?>
<testsuite tests="22" failures="0" name="tirahtyo.viisitoistapeli.GameOfFifteenTest" time="0.01" errors="0" skipped="0">
  <properties>
    <property name="java.runtime.name" value="OpenJDK Runtime Environment"/>
    <property name="java.vm.version" value="11.0.9+11-Ubuntu-0ubuntu1.20.04"/>
    <property name="sun.boot.library.path" value="/usr/lib/jvm/java-11-openjdk-amd64/lib"/>
    <property name="maven.multiModuleProjectDirectory" value="/mnt/c/Users/birgi/TiraBK/GameOfFifteen"/>
    <property name="java.vm.vendor" value="Ubuntu"/>
    <property name="java.vendor.url" value="https://ubuntu.com/"/>
    <property name="guice.disable.misplaced.annotation.check" value="true"/>
    <property name="path.separator" value=":"/>
    <property name="java.vm.name" value="OpenJDK 64-Bit Server VM"/>
    <property name="sun.os.patch.level" value="unknown"/>
    <property name="sun.java.launcher" value="SUN_STANDARD"/>
    <property name="java.vm.specification.name" value="Java Virtual Machine Specification"/>
    <property name="user.dir" value="/mnt/c/Users/birgi/TiraBK/GameOfFifteen"/>
    <property name="java.vm.compressedOopsMode" value="Zero based"/>
    <property name="java.runtime.version" value="11.0.9+11-Ubuntu-0ubuntu1.20.04"/>
    <property name="java.awt.graphicsenv" value="sun.awt.X11GraphicsEnvironment"/>
    <property name="os.arch" value="amd64"/>
    <property name="java.io.tmpdir" value="/tmp"/>
    <property name="line.separator" value="
"/>
    <property name="java.vm.specification.vendor" value="Oracle Corporation"/>
    <property name="os.name" value="Linux"/>
    <property name="classworlds.conf" value="/usr/share/maven/bin/m2.conf"/>
    <property name="sun.jnu.encoding" value="UTF-8"/>
    <property name="java.library.path" value="/usr/java/packages/lib:/usr/lib/x86_64-linux-gnu/jni:/lib/x86_64-linux-gnu:/usr/lib/x86_64-linux-gnu:/usr/lib/jni:/lib:/usr/lib"/>
    <property name="maven.conf" value="/usr/share/maven/conf"/>
    <property name="jdk.debug" value="release"/>
    <property name="java.class.version" value="55.0"/>
    <property name="java.specification.name" value="Java Platform API Specification"/>
    <property name="sun.management.compiler" value="HotSpot 64-Bit Tiered Compilers"/>
    <property name="os.version" value="4.4.0-18362-Microsoft"/>
    <property name="library.jansi.path" value="/usr/share/maven/lib/jansi-native"/>
    <property name="user.home" value="/home/birgitta"/>
    <property name="user.timezone" value="Europe/Helsinki"/>
    <property name="java.awt.printerjob" value="sun.print.PSPrinterJob"/>
    <property name="file.encoding" value="UTF-8"/>
    <property name="java.specification.version" value="11"/>
    <property name="user.name" value="birgitta"/>
    <property name="java.class.path" value="/usr/share/maven/boot/plexus-classworlds-2.x.jar"/>
    <property name="java.vm.specification.version" value="11"/>
    <property name="sun.arch.data.model" value="64"/>
    <property name="sun.java.command" value="org.codehaus.plexus.classworlds.launcher.Launcher package"/>
    <property name="java.home" value="/usr/lib/jvm/java-11-openjdk-amd64"/>
    <property name="user.language" value="en"/>
    <property name="java.specification.vendor" value="Oracle Corporation"/>
    <property name="awt.toolkit" value="sun.awt.X11.XToolkit"/>
    <property name="java.vm.info" value="mixed mode, sharing"/>
    <property name="java.version" value="11.0.9"/>
    <property name="securerandom.source" value="file:/dev/./urandom"/>
    <property name="java.vendor" value="Ubuntu"/>
    <property name="maven.home" value="/usr/share/maven"/>
    <property name="file.separator" value="/"/>
    <property name="java.version.date" value="2020-10-20"/>
    <property name="java.vendor.url.bug" value="https://bugs.launchpad.net/ubuntu/+source/openjdk-lts"/>
    <property name="sun.io.unicode.encoding" value="UnicodeLittle"/>
    <property name="sun.cpu.endian" value="little"/>
    <property name="sun.cpu.isalist" value=""/>
  </properties>
  <testcase classname="tirahtyo.viisitoistapeli.GameOfFifteenTest" name="leftAllowed" time="0.005"/>
  <testcase classname="tirahtyo.viisitoistapeli.GameOfFifteenTest" name="CannotGoDown" time="0"/>
  <testcase classname="tirahtyo.viisitoistapeli.GameOfFifteenTest" name="CannotGoLeft" time="0"/>
  <testcase classname="tirahtyo.viisitoistapeli.GameOfFifteenTest" name="isSolvedReturnsFalseWhenNotSolved" time="0"/>
  <testcase classname="tirahtyo.viisitoistapeli.GameOfFifteenTest" name="findBlankWorks" time="0"/>
  <testcase classname="tirahtyo.viisitoistapeli.GameOfFifteenTest" name="inversionsCountsCorrectlyOne" time="0.001"/>
  <testcase classname="tirahtyo.viisitoistapeli.GameOfFifteenTest" name="inversionsCountsCorrectlyTwo" time="0"/>
  <testcase classname="tirahtyo.viisitoistapeli.GameOfFifteenTest" name="downAllowed" time="0"/>
  <testcase classname="tirahtyo.viisitoistapeli.GameOfFifteenTest" name="isSolvableReturnsTrueWhenGridIsSolvable3" time="0"/>
  <testcase classname="tirahtyo.viisitoistapeli.GameOfFifteenTest" name="isSolvedReturnsTrueWhenSolved" time="0.001"/>
  <testcase classname="tirahtyo.viisitoistapeli.GameOfFifteenTest" name="CannotGoRight" time="0"/>
  <testcase classname="tirahtyo.viisitoistapeli.GameOfFifteenTest" name="inversionsCountsCorrectlyFour" time="0"/>
  <testcase classname="tirahtyo.viisitoistapeli.GameOfFifteenTest" name="inversionsCountsCorrectlyTree" time="0.001"/>
  <testcase classname="tirahtyo.viisitoistapeli.GameOfFifteenTest" name="isSolvableReturnsFalseWhenNotSolvable" time="0"/>
  <testcase classname="tirahtyo.viisitoistapeli.GameOfFifteenTest" name="CannotGoUp" time="0"/>
  <testcase classname="tirahtyo.viisitoistapeli.GameOfFifteenTest" name="rightAllowed" time="0.001"/>
  <testcase classname="tirahtyo.viisitoistapeli.GameOfFifteenTest" name="isSolvableReturnTrueWhenGridIsSolvable1" time="0"/>
  <testcase classname="tirahtyo.viisitoistapeli.GameOfFifteenTest" name="isSolvableReturnTrueWhenGridIsSolvable2" time="0.001"/>
  <testcase classname="tirahtyo.viisitoistapeli.GameOfFifteenTest" name="blankNotFound" time="0"/>
  <testcase classname="tirahtyo.viisitoistapeli.GameOfFifteenTest" name="upAllowed" time="0"/>
  <testcase classname="tirahtyo.viisitoistapeli.GameOfFifteenTest" name="isSolvedWorks" time="0"/>
  <testcase classname="tirahtyo.viisitoistapeli.GameOfFifteenTest" name="shuffle" time="0"/>
</testsuite>